{"/Users/PureWind/Documents/githubProject/summer_js/js543/testing/test_example.js":{"path":"/Users/PureWind/Documents/githubProject/summer_js/js543/testing/test_example.js","s":{"1":1,"2":1,"3":1,"4":12,"5":3,"6":9,"7":1,"8":3,"9":3,"10":3,"11":1,"12":2},"b":{"1":[3,9],"2":[1,2]},"f":{"1":12,"2":3,"3":3,"4":3},"fnMap":{"1":{"name":"(anonymous_1)","line":6,"loc":{"start":{"line":4,"column":20},"end":{"line":4,"column":39}}},"2":{"name":"(anonymous_2)","line":11,"loc":{"start":{"line":9,"column":24},"end":{"line":9,"column":39}}},"3":{"name":"(anonymous_3)","line":12,"loc":{"start":{"line":10,"column":22},"end":{"line":10,"column":48}}},"4":{"name":"(anonymous_4)","line":13,"loc":{"start":{"line":11,"column":22},"end":{"line":11,"column":42}}}},"statementMap":{"1":{"start":{"line":1,"column":-15},"end":{"line":1,"column":24}},"2":{"start":{"line":2,"column":0},"end":{"line":2,"column":23}},"3":{"start":{"line":4,"column":0},"end":{"line":7,"column":1}},"4":{"start":{"line":5,"column":2},"end":{"line":5,"column":26}},"5":{"start":{"line":5,"column":13},"end":{"line":5,"column":26}},"6":{"start":{"line":6,"column":2},"end":{"line":6,"column":45}},"7":{"start":{"line":9,"column":0},"end":{"line":16,"column":1}},"8":{"start":{"line":10,"column":2},"end":{"line":15,"column":5}},"9":{"start":{"line":11,"column":4},"end":{"line":14,"column":7}},"10":{"start":{"line":12,"column":6},"end":{"line":12,"column":33}},"11":{"start":{"line":12,"column":14},"end":{"line":12,"column":33}},"12":{"start":{"line":13,"column":6},"end":{"line":13,"column":27}}},"branchMap":{"1":{"line":7,"type":"if","locations":[{"start":{"line":5,"column":2},"end":{"line":5,"column":2}},{"start":{"line":5,"column":2},"end":{"line":5,"column":2}}]},"2":{"line":14,"type":"if","locations":[{"start":{"line":12,"column":6},"end":{"line":12,"column":6}},{"start":{"line":12,"column":6},"end":{"line":12,"column":6}}]}}}}